[2022-02-23 15:22:02,159] DEBUG preRegister called. Server=com.sun.jmx.mbeanserver.JmxMBeanServer@4cdbe50f, name=log4j:logger=kafka.controller (kafka.controller)
[2022-02-23 15:22:22,727] INFO [ControllerEventThread controllerId=0] Starting (kafka.controller.ControllerEventManager$ControllerEventThread)
[2022-02-23 15:22:22,809] INFO [Controller id=0] 0 successfully elected as the controller. Epoch incremented to 1 and epoch zk version is now 1 (kafka.controller.KafkaController)
[2022-02-23 15:22:22,819] INFO [Controller id=0] Creating FeatureZNode at path: /feature with contents: FeatureZNode(Enabled,Features{}) (kafka.controller.KafkaController)
[2022-02-23 15:22:22,896] INFO [Controller id=0] Registering handlers (kafka.controller.KafkaController)
[2022-02-23 15:22:22,909] INFO [Controller id=0] Deleting log dir event notifications (kafka.controller.KafkaController)
[2022-02-23 15:22:22,914] INFO [Controller id=0] Deleting isr change notifications (kafka.controller.KafkaController)
[2022-02-23 15:22:22,919] INFO [Controller id=0] Initializing controller context (kafka.controller.KafkaController)
[2022-02-23 15:22:22,942] INFO [Controller id=0] Initialized broker epochs cache: Map(0 -> 25) (kafka.controller.KafkaController)
[2022-02-23 15:22:22,957] DEBUG [Controller id=0] Register BrokerModifications handler for Set(0) (kafka.controller.KafkaController)
[2022-02-23 15:22:22,965] DEBUG [Channel manager on controller 0]: Controller 0 trying to connect to broker 0 (kafka.controller.ControllerChannelManager)
[2022-02-23 15:22:22,978] INFO [RequestSendThread controllerId=0] Starting (kafka.controller.RequestSendThread)
[2022-02-23 15:22:22,979] INFO [Controller id=0] Currently active brokers in the cluster: Set(0) (kafka.controller.KafkaController)
[2022-02-23 15:22:22,980] INFO [Controller id=0] Currently shutting brokers in the cluster: Set() (kafka.controller.KafkaController)
[2022-02-23 15:22:22,980] INFO [Controller id=0] Current list of topics in the cluster: Set() (kafka.controller.KafkaController)
[2022-02-23 15:22:22,981] INFO [Controller id=0] Fetching topic deletions in progress (kafka.controller.KafkaController)
[2022-02-23 15:22:22,985] INFO [Controller id=0] List of topics to be deleted:  (kafka.controller.KafkaController)
[2022-02-23 15:22:22,986] INFO [Controller id=0] List of topics ineligible for deletion:  (kafka.controller.KafkaController)
[2022-02-23 15:22:22,987] INFO [Controller id=0] Initializing topic deletion manager (kafka.controller.KafkaController)
[2022-02-23 15:22:22,988] INFO [Topic Deletion Manager 0] Initializing manager with initial deletions: Set(), initial ineligible deletions: Set() (kafka.controller.TopicDeletionManager)
[2022-02-23 15:22:22,989] INFO [Controller id=0] Sending update metadata request (kafka.controller.KafkaController)
[2022-02-23 15:22:23,008] INFO [ReplicaStateMachine controllerId=0] Initializing replica state (kafka.controller.ZkReplicaStateMachine)
[2022-02-23 15:22:23,012] INFO [ReplicaStateMachine controllerId=0] Triggering online replica state changes (kafka.controller.ZkReplicaStateMachine)
[2022-02-23 15:22:23,019] INFO [ReplicaStateMachine controllerId=0] Triggering offline replica state changes (kafka.controller.ZkReplicaStateMachine)
[2022-02-23 15:22:23,020] DEBUG [ReplicaStateMachine controllerId=0] Started replica state machine with initial state -> Map() (kafka.controller.ZkReplicaStateMachine)
[2022-02-23 15:22:23,021] INFO [PartitionStateMachine controllerId=0] Initializing partition state (kafka.controller.ZkPartitionStateMachine)
[2022-02-23 15:22:23,022] INFO [PartitionStateMachine controllerId=0] Triggering online partition state changes (kafka.controller.ZkPartitionStateMachine)
[2022-02-23 15:22:23,028] INFO [RequestSendThread controllerId=0] Controller 0 connected to DESKTOP-Q86S3AA:9092 (id: 0 rack: null) for sending state change requests (kafka.controller.RequestSendThread)
[2022-02-23 15:22:23,033] DEBUG [PartitionStateMachine controllerId=0] Started partition state machine with initial state -> Map() (kafka.controller.ZkPartitionStateMachine)
[2022-02-23 15:22:23,033] INFO [Controller id=0] Ready to serve as the new controller with epoch 1 (kafka.controller.KafkaController)
[2022-02-23 15:22:23,047] INFO [Controller id=0] Partitions undergoing preferred replica election:  (kafka.controller.KafkaController)
[2022-02-23 15:22:23,047] INFO [Controller id=0] Partitions that completed preferred replica election:  (kafka.controller.KafkaController)
[2022-02-23 15:22:23,048] INFO [Controller id=0] Skipping preferred replica election for partitions due to topic deletion:  (kafka.controller.KafkaController)
[2022-02-23 15:22:23,048] INFO [Controller id=0] Resuming preferred replica election for partitions:  (kafka.controller.KafkaController)
[2022-02-23 15:22:23,049] INFO [Controller id=0] Starting replica leader election (PREFERRED) for partitions  triggered by ZkTriggered (kafka.controller.KafkaController)
[2022-02-23 15:22:23,066] INFO [Controller id=0] Starting the controller scheduler (kafka.controller.KafkaController)
[2022-02-23 15:22:28,078] INFO [Controller id=0] Processing automatic preferred replica leader election (kafka.controller.KafkaController)
[2022-02-23 15:22:28,078] TRACE [Controller id=0] Checking need to trigger auto leader balancing (kafka.controller.KafkaController)
[2022-02-23 15:27:29,946] DEBUG preRegister called. Server=com.sun.jmx.mbeanserver.JmxMBeanServer@4cdbe50f, name=log4j:logger=kafka.controller (kafka.controller)
[2022-02-23 15:28:39,902] DEBUG preRegister called. Server=com.sun.jmx.mbeanserver.JmxMBeanServer@4cdbe50f, name=log4j:logger=kafka.controller (kafka.controller)
[2022-02-23 15:30:50,392] DEBUG preRegister called. Server=com.sun.jmx.mbeanserver.JmxMBeanServer@4cdbe50f, name=log4j:logger=kafka.controller (kafka.controller)
[2022-02-23 15:31:32,937] DEBUG preRegister called. Server=com.sun.jmx.mbeanserver.JmxMBeanServer@4cdbe50f, name=log4j:logger=kafka.controller (kafka.controller)
[2022-02-23 15:34:34,795] DEBUG preRegister called. Server=com.sun.jmx.mbeanserver.JmxMBeanServer@4cdbe50f, name=log4j:logger=kafka.controller (kafka.controller)
[2022-02-23 15:34:45,231] INFO [ControllerEventThread controllerId=0] Starting (kafka.controller.ControllerEventManager$ControllerEventThread)
[2022-02-23 15:34:45,276] INFO [Controller id=0] 0 successfully elected as the controller. Epoch incremented to 1 and epoch zk version is now 1 (kafka.controller.KafkaController)
[2022-02-23 15:34:45,283] INFO [Controller id=0] Creating FeatureZNode at path: /feature with contents: FeatureZNode(Enabled,Features{}) (kafka.controller.KafkaController)
[2022-02-23 15:34:45,345] INFO [Controller id=0] Registering handlers (kafka.controller.KafkaController)
[2022-02-23 15:34:45,351] INFO [Controller id=0] Deleting log dir event notifications (kafka.controller.KafkaController)
[2022-02-23 15:34:45,367] INFO [Controller id=0] Deleting isr change notifications (kafka.controller.KafkaController)
[2022-02-23 15:34:45,370] INFO [Controller id=0] Initializing controller context (kafka.controller.KafkaController)
[2022-02-23 15:34:45,394] INFO [Controller id=0] Initialized broker epochs cache: Map(0 -> 25) (kafka.controller.KafkaController)
[2022-02-23 15:34:45,403] DEBUG [Controller id=0] Register BrokerModifications handler for Set(0) (kafka.controller.KafkaController)
[2022-02-23 15:34:45,410] DEBUG [Channel manager on controller 0]: Controller 0 trying to connect to broker 0 (kafka.controller.ControllerChannelManager)
[2022-02-23 15:34:45,426] INFO [RequestSendThread controllerId=0] Starting (kafka.controller.RequestSendThread)
[2022-02-23 15:34:45,427] INFO [Controller id=0] Currently active brokers in the cluster: Set(0) (kafka.controller.KafkaController)
[2022-02-23 15:34:45,427] INFO [Controller id=0] Currently shutting brokers in the cluster: Set() (kafka.controller.KafkaController)
[2022-02-23 15:34:45,427] INFO [Controller id=0] Current list of topics in the cluster: Set() (kafka.controller.KafkaController)
[2022-02-23 15:34:45,428] INFO [Controller id=0] Fetching topic deletions in progress (kafka.controller.KafkaController)
[2022-02-23 15:34:45,431] INFO [Controller id=0] List of topics to be deleted:  (kafka.controller.KafkaController)
[2022-02-23 15:34:45,431] INFO [Controller id=0] List of topics ineligible for deletion:  (kafka.controller.KafkaController)
[2022-02-23 15:34:45,432] INFO [Controller id=0] Initializing topic deletion manager (kafka.controller.KafkaController)
[2022-02-23 15:34:45,433] INFO [Topic Deletion Manager 0] Initializing manager with initial deletions: Set(), initial ineligible deletions: Set() (kafka.controller.TopicDeletionManager)
[2022-02-23 15:34:45,434] INFO [Controller id=0] Sending update metadata request (kafka.controller.KafkaController)
[2022-02-23 15:34:45,452] INFO [ReplicaStateMachine controllerId=0] Initializing replica state (kafka.controller.ZkReplicaStateMachine)
[2022-02-23 15:34:45,453] INFO [ReplicaStateMachine controllerId=0] Triggering online replica state changes (kafka.controller.ZkReplicaStateMachine)
[2022-02-23 15:34:45,459] INFO [ReplicaStateMachine controllerId=0] Triggering offline replica state changes (kafka.controller.ZkReplicaStateMachine)
[2022-02-23 15:34:45,459] DEBUG [ReplicaStateMachine controllerId=0] Started replica state machine with initial state -> Map() (kafka.controller.ZkReplicaStateMachine)
[2022-02-23 15:34:45,460] INFO [PartitionStateMachine controllerId=0] Initializing partition state (kafka.controller.ZkPartitionStateMachine)
[2022-02-23 15:34:45,461] INFO [PartitionStateMachine controllerId=0] Triggering online partition state changes (kafka.controller.ZkPartitionStateMachine)
[2022-02-23 15:34:45,465] INFO [RequestSendThread controllerId=0] Controller 0 connected to DESKTOP-Q86S3AA:9092 (id: 0 rack: null) for sending state change requests (kafka.controller.RequestSendThread)
[2022-02-23 15:34:45,469] DEBUG [PartitionStateMachine controllerId=0] Started partition state machine with initial state -> Map() (kafka.controller.ZkPartitionStateMachine)
[2022-02-23 15:34:45,470] INFO [Controller id=0] Ready to serve as the new controller with epoch 1 (kafka.controller.KafkaController)
[2022-02-23 15:34:45,482] INFO [Controller id=0] Partitions undergoing preferred replica election:  (kafka.controller.KafkaController)
[2022-02-23 15:34:45,482] INFO [Controller id=0] Partitions that completed preferred replica election:  (kafka.controller.KafkaController)
[2022-02-23 15:34:45,482] INFO [Controller id=0] Skipping preferred replica election for partitions due to topic deletion:  (kafka.controller.KafkaController)
[2022-02-23 15:34:45,483] INFO [Controller id=0] Resuming preferred replica election for partitions:  (kafka.controller.KafkaController)
[2022-02-23 15:34:45,484] INFO [Controller id=0] Starting replica leader election (PREFERRED) for partitions  triggered by ZkTriggered (kafka.controller.KafkaController)
[2022-02-23 15:34:45,556] INFO [Controller id=0] Starting the controller scheduler (kafka.controller.KafkaController)
[2022-02-23 15:34:50,561] INFO [Controller id=0] Processing automatic preferred replica leader election (kafka.controller.KafkaController)
[2022-02-23 15:34:50,562] TRACE [Controller id=0] Checking need to trigger auto leader balancing (kafka.controller.KafkaController)
[2022-02-23 15:40:59,200] DEBUG preRegister called. Server=com.sun.jmx.mbeanserver.JmxMBeanServer@4cdbe50f, name=log4j:logger=kafka.controller (kafka.controller)
[2022-02-23 15:41:08,398] INFO [ControllerEventThread controllerId=0] Starting (kafka.controller.ControllerEventManager$ControllerEventThread)
[2022-02-23 15:41:08,441] INFO [Controller id=0] 0 successfully elected as the controller. Epoch incremented to 1 and epoch zk version is now 1 (kafka.controller.KafkaController)
[2022-02-23 15:41:08,447] INFO [Controller id=0] Creating FeatureZNode at path: /feature with contents: FeatureZNode(Enabled,Features{}) (kafka.controller.KafkaController)
[2022-02-23 15:41:08,518] INFO [Controller id=0] Registering handlers (kafka.controller.KafkaController)
[2022-02-23 15:41:08,532] INFO [Controller id=0] Deleting log dir event notifications (kafka.controller.KafkaController)
[2022-02-23 15:41:08,537] INFO [Controller id=0] Deleting isr change notifications (kafka.controller.KafkaController)
[2022-02-23 15:41:08,542] INFO [Controller id=0] Initializing controller context (kafka.controller.KafkaController)
[2022-02-23 15:41:08,564] INFO [Controller id=0] Initialized broker epochs cache: Map(0 -> 25) (kafka.controller.KafkaController)
[2022-02-23 15:41:08,574] DEBUG [Controller id=0] Register BrokerModifications handler for Set(0) (kafka.controller.KafkaController)
[2022-02-23 15:41:08,581] DEBUG [Channel manager on controller 0]: Controller 0 trying to connect to broker 0 (kafka.controller.ControllerChannelManager)
[2022-02-23 15:41:08,598] INFO [RequestSendThread controllerId=0] Starting (kafka.controller.RequestSendThread)
[2022-02-23 15:41:08,598] INFO [Controller id=0] Currently active brokers in the cluster: Set(0) (kafka.controller.KafkaController)
[2022-02-23 15:41:08,601] INFO [Controller id=0] Currently shutting brokers in the cluster: Set() (kafka.controller.KafkaController)
[2022-02-23 15:41:08,602] INFO [Controller id=0] Current list of topics in the cluster: Set() (kafka.controller.KafkaController)
[2022-02-23 15:41:08,603] INFO [Controller id=0] Fetching topic deletions in progress (kafka.controller.KafkaController)
[2022-02-23 15:41:08,608] INFO [Controller id=0] List of topics to be deleted:  (kafka.controller.KafkaController)
[2022-02-23 15:41:08,608] INFO [Controller id=0] List of topics ineligible for deletion:  (kafka.controller.KafkaController)
[2022-02-23 15:41:08,608] INFO [Controller id=0] Initializing topic deletion manager (kafka.controller.KafkaController)
[2022-02-23 15:41:08,609] INFO [Topic Deletion Manager 0] Initializing manager with initial deletions: Set(), initial ineligible deletions: Set() (kafka.controller.TopicDeletionManager)
[2022-02-23 15:41:08,610] INFO [Controller id=0] Sending update metadata request (kafka.controller.KafkaController)
[2022-02-23 15:41:08,631] INFO [ReplicaStateMachine controllerId=0] Initializing replica state (kafka.controller.ZkReplicaStateMachine)
[2022-02-23 15:41:08,634] INFO [ReplicaStateMachine controllerId=0] Triggering online replica state changes (kafka.controller.ZkReplicaStateMachine)
[2022-02-23 15:41:08,643] INFO [ReplicaStateMachine controllerId=0] Triggering offline replica state changes (kafka.controller.ZkReplicaStateMachine)
[2022-02-23 15:41:08,643] DEBUG [ReplicaStateMachine controllerId=0] Started replica state machine with initial state -> Map() (kafka.controller.ZkReplicaStateMachine)
[2022-02-23 15:41:08,644] INFO [PartitionStateMachine controllerId=0] Initializing partition state (kafka.controller.ZkPartitionStateMachine)
[2022-02-23 15:41:08,644] INFO [PartitionStateMachine controllerId=0] Triggering online partition state changes (kafka.controller.ZkPartitionStateMachine)
[2022-02-23 15:41:08,646] INFO [RequestSendThread controllerId=0] Controller 0 connected to DESKTOP-Q86S3AA:9092 (id: 0 rack: null) for sending state change requests (kafka.controller.RequestSendThread)
[2022-02-23 15:41:08,652] DEBUG [PartitionStateMachine controllerId=0] Started partition state machine with initial state -> Map() (kafka.controller.ZkPartitionStateMachine)
[2022-02-23 15:41:08,652] INFO [Controller id=0] Ready to serve as the new controller with epoch 1 (kafka.controller.KafkaController)
[2022-02-23 15:41:08,659] INFO [Controller id=0] Partitions undergoing preferred replica election:  (kafka.controller.KafkaController)
[2022-02-23 15:41:08,659] INFO [Controller id=0] Partitions that completed preferred replica election:  (kafka.controller.KafkaController)
[2022-02-23 15:41:08,659] INFO [Controller id=0] Skipping preferred replica election for partitions due to topic deletion:  (kafka.controller.KafkaController)
[2022-02-23 15:41:08,660] INFO [Controller id=0] Resuming preferred replica election for partitions:  (kafka.controller.KafkaController)
[2022-02-23 15:41:08,661] INFO [Controller id=0] Starting replica leader election (PREFERRED) for partitions  triggered by ZkTriggered (kafka.controller.KafkaController)
[2022-02-23 15:41:08,696] INFO [Controller id=0] Starting the controller scheduler (kafka.controller.KafkaController)
